<?xml version="1.0" encoding="utf-8"?>
<shfbBuild product="Sandcastle Help File Builder and Tools" version="2022.10.15.0" projectFile="C:\Work\MAPI.NET\MAPI.NET.Document\MAPI.NET.Document\MAPI.NET.Document.shfbproj" started="20/12/2022 12:54:40 PM">
<buildStep step="Initializing">
The Sandcastle tools are located in &#39;C:\Program Files (x86)\EWSoftware\Sandcastle Help File Builder&#39;
Locating components in the following folder(s):
    C:\Work\MAPI.NET\MAPI.NET.Document\MAPI.NET.Document
    C:\ProgramData\EWSoftware\Sandcastle Help File Builder\Components and Plug-Ins
    C:\Program Files (x86)\EWSoftware\Sandcastle Help File Builder\Components
Using framework reflection data for &#39;Cross-platform (.NET Core/.NET Standard)&#39; located in &#39;C:\Program Files (x86)\EWSoftware\Sandcastle Help File Builder\Data\.NETFramework&#39;
Using presentation style &#39;Markdown&#39; located in &#39;C:\Program Files (x86)\EWSoftware\Sandcastle Help File Builder\Components\Markdown&#39;
-------------------------------
Clearing any prior web/markdown output...
</buildStep>
<buildStep step="ValidatingDocumentationSources">
Validating and copying documentation source information
Source: C:\Work\MAPI.NET\MAPI.NET\MAPI.NET.csproj
    Found project &#39;C:\Work\MAPI.NET\MAPI.NET\MAPI.NET.csproj&#39;

Parsing project files
    Found assembly &#39;C:\Work\MAPI.NET\MAPI.NET\bin\Debug\netstandard2.0\MAPI.NET.dll&#39; (.NETStandard 2.0)
SHFB: Warning BE0007: A project with a different or higher framework version was found.  Changing project FrameworkVersion property from &#39;Cross-platform (.NET Core/.NET Standard)&#39; to &#39;.NET Core/.NET Standard/.NET 5.0+&#39; for the build.

References to include:
    C:\Users\Fred Song\.nuget\packages\netstandard.library\2.0.3\build\netstandard2.0\ref\Microsoft.Win32.Primitives.dll
    C:\Users\Fred Song\.nuget\packages\netstandard.library\2.0.3\build\netstandard2.0\ref\mscorlib.dll
    C:\Users\Fred Song\.nuget\packages\netstandard.library\2.0.3\build\netstandard2.0\ref\netstandard.dll
    C:\Users\Fred Song\.nuget\packages\netstandard.library\2.0.3\build\netstandard2.0\ref\System.AppContext.dll
    C:\Users\Fred Song\.nuget\packages\netstandard.library\2.0.3\build\netstandard2.0\ref\System.Collections.Concurrent.dll
    C:\Users\Fred Song\.nuget\packages\netstandard.library\2.0.3\build\netstandard2.0\ref\System.Collections.dll
    C:\Users\Fred Song\.nuget\packages\netstandard.library\2.0.3\build\netstandard2.0\ref\System.Collections.NonGeneric.dll
    C:\Users\Fred Song\.nuget\packages\netstandard.library\2.0.3\build\netstandard2.0\ref\System.Collections.Specialized.dll
    C:\Users\Fred Song\.nuget\packages\netstandard.library\2.0.3\build\netstandard2.0\ref\System.ComponentModel.Composition.dll
    C:\Users\Fred Song\.nuget\packages\netstandard.library\2.0.3\build\netstandard2.0\ref\System.ComponentModel.dll
    C:\Users\Fred Song\.nuget\packages\netstandard.library\2.0.3\build\netstandard2.0\ref\System.ComponentModel.EventBasedAsync.dll
    C:\Users\Fred Song\.nuget\packages\netstandard.library\2.0.3\build\netstandard2.0\ref\System.ComponentModel.Primitives.dll
    C:\Users\Fred Song\.nuget\packages\netstandard.library\2.0.3\build\netstandard2.0\ref\System.ComponentModel.TypeConverter.dll
    C:\Users\Fred Song\.nuget\packages\netstandard.library\2.0.3\build\netstandard2.0\ref\System.Console.dll
    C:\Users\Fred Song\.nuget\packages\netstandard.library\2.0.3\build\netstandard2.0\ref\System.Core.dll
    C:\Users\Fred Song\.nuget\packages\netstandard.library\2.0.3\build\netstandard2.0\ref\System.Data.Common.dll
    C:\Users\Fred Song\.nuget\packages\netstandard.library\2.0.3\build\netstandard2.0\ref\System.Data.dll
    C:\Users\Fred Song\.nuget\packages\netstandard.library\2.0.3\build\netstandard2.0\ref\System.Diagnostics.Contracts.dll
    C:\Users\Fred Song\.nuget\packages\netstandard.library\2.0.3\build\netstandard2.0\ref\System.Diagnostics.Debug.dll
    C:\Users\Fred Song\.nuget\packages\netstandard.library\2.0.3\build\netstandard2.0\ref\System.Diagnostics.FileVersionInfo.dll
    C:\Users\Fred Song\.nuget\packages\netstandard.library\2.0.3\build\netstandard2.0\ref\System.Diagnostics.Process.dll
    C:\Users\Fred Song\.nuget\packages\netstandard.library\2.0.3\build\netstandard2.0\ref\System.Diagnostics.StackTrace.dll
    C:\Users\Fred Song\.nuget\packages\netstandard.library\2.0.3\build\netstandard2.0\ref\System.Diagnostics.TextWriterTraceListener.dll
    C:\Users\Fred Song\.nuget\packages\netstandard.library\2.0.3\build\netstandard2.0\ref\System.Diagnostics.Tools.dll
    C:\Users\Fred Song\.nuget\packages\netstandard.library\2.0.3\build\netstandard2.0\ref\System.Diagnostics.TraceSource.dll
    C:\Users\Fred Song\.nuget\packages\netstandard.library\2.0.3\build\netstandard2.0\ref\System.Diagnostics.Tracing.dll
    C:\Users\Fred Song\.nuget\packages\netstandard.library\2.0.3\build\netstandard2.0\ref\System.dll
    C:\Users\Fred Song\.nuget\packages\netstandard.library\2.0.3\build\netstandard2.0\ref\System.Drawing.dll
    C:\Users\Fred Song\.nuget\packages\netstandard.library\2.0.3\build\netstandard2.0\ref\System.Drawing.Primitives.dll
    C:\Users\Fred Song\.nuget\packages\netstandard.library\2.0.3\build\netstandard2.0\ref\System.Dynamic.Runtime.dll
    C:\Users\Fred Song\.nuget\packages\netstandard.library\2.0.3\build\netstandard2.0\ref\System.Globalization.Calendars.dll
    C:\Users\Fred Song\.nuget\packages\netstandard.library\2.0.3\build\netstandard2.0\ref\System.Globalization.dll
    C:\Users\Fred Song\.nuget\packages\netstandard.library\2.0.3\build\netstandard2.0\ref\System.Globalization.Extensions.dll
    C:\Users\Fred Song\.nuget\packages\netstandard.library\2.0.3\build\netstandard2.0\ref\System.IO.Compression.dll
    C:\Users\Fred Song\.nuget\packages\netstandard.library\2.0.3\build\netstandard2.0\ref\System.IO.Compression.FileSystem.dll
    C:\Users\Fred Song\.nuget\packages\netstandard.library\2.0.3\build\netstandard2.0\ref\System.IO.Compression.ZipFile.dll
    C:\Users\Fred Song\.nuget\packages\netstandard.library\2.0.3\build\netstandard2.0\ref\System.IO.dll
    C:\Users\Fred Song\.nuget\packages\netstandard.library\2.0.3\build\netstandard2.0\ref\System.IO.FileSystem.dll
    C:\Users\Fred Song\.nuget\packages\netstandard.library\2.0.3\build\netstandard2.0\ref\System.IO.FileSystem.DriveInfo.dll
    C:\Users\Fred Song\.nuget\packages\netstandard.library\2.0.3\build\netstandard2.0\ref\System.IO.FileSystem.Primitives.dll
    C:\Users\Fred Song\.nuget\packages\netstandard.library\2.0.3\build\netstandard2.0\ref\System.IO.FileSystem.Watcher.dll
    C:\Users\Fred Song\.nuget\packages\netstandard.library\2.0.3\build\netstandard2.0\ref\System.IO.IsolatedStorage.dll
    C:\Users\Fred Song\.nuget\packages\netstandard.library\2.0.3\build\netstandard2.0\ref\System.IO.MemoryMappedFiles.dll
    C:\Users\Fred Song\.nuget\packages\netstandard.library\2.0.3\build\netstandard2.0\ref\System.IO.Pipes.dll
    C:\Users\Fred Song\.nuget\packages\netstandard.library\2.0.3\build\netstandard2.0\ref\System.IO.UnmanagedMemoryStream.dll
    C:\Users\Fred Song\.nuget\packages\netstandard.library\2.0.3\build\netstandard2.0\ref\System.Linq.dll
    C:\Users\Fred Song\.nuget\packages\netstandard.library\2.0.3\build\netstandard2.0\ref\System.Linq.Expressions.dll
    C:\Users\Fred Song\.nuget\packages\netstandard.library\2.0.3\build\netstandard2.0\ref\System.Linq.Parallel.dll
    C:\Users\Fred Song\.nuget\packages\netstandard.library\2.0.3\build\netstandard2.0\ref\System.Linq.Queryable.dll
    C:\Users\Fred Song\.nuget\packages\netstandard.library\2.0.3\build\netstandard2.0\ref\System.Net.dll
    C:\Users\Fred Song\.nuget\packages\netstandard.library\2.0.3\build\netstandard2.0\ref\System.Net.Http.dll
    C:\Users\Fred Song\.nuget\packages\netstandard.library\2.0.3\build\netstandard2.0\ref\System.Net.NameResolution.dll
    C:\Users\Fred Song\.nuget\packages\netstandard.library\2.0.3\build\netstandard2.0\ref\System.Net.NetworkInformation.dll
    C:\Users\Fred Song\.nuget\packages\netstandard.library\2.0.3\build\netstandard2.0\ref\System.Net.Ping.dll
    C:\Users\Fred Song\.nuget\packages\netstandard.library\2.0.3\build\netstandard2.0\ref\System.Net.Primitives.dll
    C:\Users\Fred Song\.nuget\packages\netstandard.library\2.0.3\build\netstandard2.0\ref\System.Net.Requests.dll
    C:\Users\Fred Song\.nuget\packages\netstandard.library\2.0.3\build\netstandard2.0\ref\System.Net.Security.dll
    C:\Users\Fred Song\.nuget\packages\netstandard.library\2.0.3\build\netstandard2.0\ref\System.Net.Sockets.dll
    C:\Users\Fred Song\.nuget\packages\netstandard.library\2.0.3\build\netstandard2.0\ref\System.Net.WebHeaderCollection.dll
    C:\Users\Fred Song\.nuget\packages\netstandard.library\2.0.3\build\netstandard2.0\ref\System.Net.WebSockets.Client.dll
    C:\Users\Fred Song\.nuget\packages\netstandard.library\2.0.3\build\netstandard2.0\ref\System.Net.WebSockets.dll
    C:\Users\Fred Song\.nuget\packages\netstandard.library\2.0.3\build\netstandard2.0\ref\System.Numerics.dll
    C:\Users\Fred Song\.nuget\packages\netstandard.library\2.0.3\build\netstandard2.0\ref\System.ObjectModel.dll
    C:\Users\Fred Song\.nuget\packages\netstandard.library\2.0.3\build\netstandard2.0\ref\System.Reflection.dll
    C:\Users\Fred Song\.nuget\packages\netstandard.library\2.0.3\build\netstandard2.0\ref\System.Reflection.Extensions.dll
    C:\Users\Fred Song\.nuget\packages\netstandard.library\2.0.3\build\netstandard2.0\ref\System.Reflection.Primitives.dll
    C:\Users\Fred Song\.nuget\packages\netstandard.library\2.0.3\build\netstandard2.0\ref\System.Resources.Reader.dll
    C:\Users\Fred Song\.nuget\packages\netstandard.library\2.0.3\build\netstandard2.0\ref\System.Resources.ResourceManager.dll
    C:\Users\Fred Song\.nuget\packages\netstandard.library\2.0.3\build\netstandard2.0\ref\System.Resources.Writer.dll
    C:\Users\Fred Song\.nuget\packages\netstandard.library\2.0.3\build\netstandard2.0\ref\System.Runtime.CompilerServices.VisualC.dll
    C:\Users\Fred Song\.nuget\packages\netstandard.library\2.0.3\build\netstandard2.0\ref\System.Runtime.dll
    C:\Users\Fred Song\.nuget\packages\netstandard.library\2.0.3\build\netstandard2.0\ref\System.Runtime.Extensions.dll
    C:\Users\Fred Song\.nuget\packages\netstandard.library\2.0.3\build\netstandard2.0\ref\System.Runtime.Handles.dll
    C:\Users\Fred Song\.nuget\packages\netstandard.library\2.0.3\build\netstandard2.0\ref\System.Runtime.InteropServices.dll
    C:\Users\Fred Song\.nuget\packages\netstandard.library\2.0.3\build\netstandard2.0\ref\System.Runtime.InteropServices.RuntimeInformation.dll
    C:\Users\Fred Song\.nuget\packages\netstandard.library\2.0.3\build\netstandard2.0\ref\System.Runtime.Numerics.dll
    C:\Users\Fred Song\.nuget\packages\netstandard.library\2.0.3\build\netstandard2.0\ref\System.Runtime.Serialization.dll
    C:\Users\Fred Song\.nuget\packages\netstandard.library\2.0.3\build\netstandard2.0\ref\System.Runtime.Serialization.Formatters.dll
    C:\Users\Fred Song\.nuget\packages\netstandard.library\2.0.3\build\netstandard2.0\ref\System.Runtime.Serialization.Json.dll
    C:\Users\Fred Song\.nuget\packages\netstandard.library\2.0.3\build\netstandard2.0\ref\System.Runtime.Serialization.Primitives.dll
    C:\Users\Fred Song\.nuget\packages\netstandard.library\2.0.3\build\netstandard2.0\ref\System.Runtime.Serialization.Xml.dll
    C:\Users\Fred Song\.nuget\packages\netstandard.library\2.0.3\build\netstandard2.0\ref\System.Security.Claims.dll
    C:\Users\Fred Song\.nuget\packages\netstandard.library\2.0.3\build\netstandard2.0\ref\System.Security.Cryptography.Algorithms.dll
    C:\Users\Fred Song\.nuget\packages\netstandard.library\2.0.3\build\netstandard2.0\ref\System.Security.Cryptography.Csp.dll
    C:\Users\Fred Song\.nuget\packages\netstandard.library\2.0.3\build\netstandard2.0\ref\System.Security.Cryptography.Encoding.dll
    C:\Users\Fred Song\.nuget\packages\netstandard.library\2.0.3\build\netstandard2.0\ref\System.Security.Cryptography.Primitives.dll
    C:\Users\Fred Song\.nuget\packages\netstandard.library\2.0.3\build\netstandard2.0\ref\System.Security.Cryptography.X509Certificates.dll
    C:\Users\Fred Song\.nuget\packages\netstandard.library\2.0.3\build\netstandard2.0\ref\System.Security.Principal.dll
    C:\Users\Fred Song\.nuget\packages\netstandard.library\2.0.3\build\netstandard2.0\ref\System.Security.SecureString.dll
    C:\Users\Fred Song\.nuget\packages\netstandard.library\2.0.3\build\netstandard2.0\ref\System.ServiceModel.Web.dll
    C:\Users\Fred Song\.nuget\packages\netstandard.library\2.0.3\build\netstandard2.0\ref\System.Text.Encoding.dll
    C:\Users\Fred Song\.nuget\packages\netstandard.library\2.0.3\build\netstandard2.0\ref\System.Text.Encoding.Extensions.dll
    C:\Users\Fred Song\.nuget\packages\netstandard.library\2.0.3\build\netstandard2.0\ref\System.Text.RegularExpressions.dll
    C:\Users\Fred Song\.nuget\packages\netstandard.library\2.0.3\build\netstandard2.0\ref\System.Threading.dll
    C:\Users\Fred Song\.nuget\packages\netstandard.library\2.0.3\build\netstandard2.0\ref\System.Threading.Overlapped.dll
    C:\Users\Fred Song\.nuget\packages\netstandard.library\2.0.3\build\netstandard2.0\ref\System.Threading.Tasks.dll
    C:\Users\Fred Song\.nuget\packages\netstandard.library\2.0.3\build\netstandard2.0\ref\System.Threading.Tasks.Parallel.dll
    C:\Users\Fred Song\.nuget\packages\netstandard.library\2.0.3\build\netstandard2.0\ref\System.Threading.Thread.dll
    C:\Users\Fred Song\.nuget\packages\netstandard.library\2.0.3\build\netstandard2.0\ref\System.Threading.ThreadPool.dll
    C:\Users\Fred Song\.nuget\packages\netstandard.library\2.0.3\build\netstandard2.0\ref\System.Threading.Timer.dll
    C:\Users\Fred Song\.nuget\packages\netstandard.library\2.0.3\build\netstandard2.0\ref\System.Transactions.dll
    C:\Users\Fred Song\.nuget\packages\netstandard.library\2.0.3\build\netstandard2.0\ref\System.ValueTuple.dll
    C:\Users\Fred Song\.nuget\packages\netstandard.library\2.0.3\build\netstandard2.0\ref\System.Web.dll
    C:\Users\Fred Song\.nuget\packages\netstandard.library\2.0.3\build\netstandard2.0\ref\System.Windows.dll
    C:\Users\Fred Song\.nuget\packages\netstandard.library\2.0.3\build\netstandard2.0\ref\System.Xml.dll
    C:\Users\Fred Song\.nuget\packages\netstandard.library\2.0.3\build\netstandard2.0\ref\System.Xml.Linq.dll
    C:\Users\Fred Song\.nuget\packages\netstandard.library\2.0.3\build\netstandard2.0\ref\System.Xml.ReaderWriter.dll
    C:\Users\Fred Song\.nuget\packages\netstandard.library\2.0.3\build\netstandard2.0\ref\System.Xml.Serialization.dll
    C:\Users\Fred Song\.nuget\packages\netstandard.library\2.0.3\build\netstandard2.0\ref\System.Xml.XDocument.dll
    C:\Users\Fred Song\.nuget\packages\netstandard.library\2.0.3\build\netstandard2.0\ref\System.Xml.XmlDocument.dll
    C:\Users\Fred Song\.nuget\packages\netstandard.library\2.0.3\build\netstandard2.0\ref\System.Xml.XmlSerializer.dll
    C:\Users\Fred Song\.nuget\packages\netstandard.library\2.0.3\build\netstandard2.0\ref\System.Xml.XPath.dll
    C:\Users\Fred Song\.nuget\packages\netstandard.library\2.0.3\build\netstandard2.0\ref\System.Xml.XPath.XDocument.dll

Copying XML comments files
    C:\Work\MAPI.NET\MAPI.NET\bin\Debug\netstandard2.0\MAPI.NET.xml -&gt; C:\Work\MAPI.NET\Help\Working\MAPI.NET.xml
</buildStep>
<buildStep step="GenerateSharedContent">
Generating shared content files (en-US, English (United States))...
    Last step completed in 00:00:00.0020
</buildStep>
<buildStep step="GenerateApiFilter">
Generating API filter for MRefBuilder...
    Last step completed in 00:00:00.0390
</buildStep>
<buildStep step="GenerateReflectionInfo">
Generating reflection information...
[C:\Program Files\Microsoft Visual Studio\2022\Professional\MSBuild\Current\Bin\amd64\MSBuild.exe - GenerateRefInfo-152943c4-cfac-4a1b-b943-4d05cbf05141.proj]
Build started 20/12/2022 12:54:42 PM.
Project &quot;C:\Work\MAPI.NET\Help\Working\GenerateRefInfo-152943c4-cfac-4a1b-b943-4d05cbf05141.proj&quot; on node 1 (default targets).
PrepareForBuild:
  Creating directory &quot;obj\Debug\&quot;.
GenerateBindingRedirects:
  No suggested binding redirects from ResolveAssemblyReferences.
GenerateRefInfo:
  Microsoft.Build (v17.4.1+9a89d02ff5de19d84190ebed4a6017df4dc19dc4)
  c Microsoft Corporation. All rights reserved.
  No source code context base path specified.  Source context information is unavailable.
  Loaded 1 assemblies for reflection and 121 dependency assemblies.
  Wrote information on 1 namespaces, 54 types, and 909 members
  Merging duplicate type and member information
  Merged 0 duplicate type(s) and 0 duplicate member(s)
Done Building Project &quot;C:\Work\MAPI.NET\Help\Working\GenerateRefInfo-152943c4-cfac-4a1b-b943-4d05cbf05141.proj&quot; (default targets).
    Last step completed in 00:00:00.9420
</buildStep>
<buildStep step="ApplyDocumentModel">
Applying document model to reflection output...
    Last step completed in 00:00:00.0380
</buildStep>
<buildStep step="AddApiTopicFilenames">
Adding topic filenames to API members...
    Unique name M_MAPI_NET_Attachment_Attach_1 generated for M:MAPI.NET.Attachment.Attach(System.String,System.String)
    Unique name M_MAPI_NET_MAPIFolder__ctor_1 generated for M:MAPI.NET.MAPIFolder.#ctor(MAPI.NET.IMAPIFolder,System.String)
    Unique name M_MAPI_NET_MAPIFolder_CopyMessages_1 generated for M:MAPI.NET.MAPIFolder.CopyMessages(System.Collections.Generic.List{MAPI.NET.MAPIMessage},MAPI.NET.MAPIFolder)
    Unique name M_MAPI_NET_MAPIMessage__ctor_1 generated for M:MAPI.NET.MAPIMessage.#ctor(MAPI.NET.IMessage,System.String)
    Unique name M_MAPI_NET_MAPIMessage__ctor_2 generated for M:MAPI.NET.MAPIMessage.#ctor(MAPI.NET.IMessage,System.UInt32)
    Unique name M_MAPI_NET_MAPIMessage__ctor_3 generated for M:MAPI.NET.MAPIMessage.#ctor(MAPI.NET.IMessage,System.UInt32,System.String)
    Unique name M_MAPI_NET_MAPIMessage_AddAttachment_1 generated for M:MAPI.NET.MAPIMessage.AddAttachment(System.String,System.String)
    Unique name M_MAPI_NET_MAPIMessage_AddRecipient_1 generated for M:MAPI.NET.MAPIMessage.AddRecipient(System.String,MAPI.NET.MAPIAddressBook)
    Unique name M_MAPI_NET_MAPIMessage_AddRecipient_2 generated for M:MAPI.NET.MAPIMessage.AddRecipient(System.String,MAPI.NET.RecipientType,MAPI.NET.AddressType,MAPI.NET.MAPIAddressBook)
    Unique name M_MAPI_NET_MAPIMessage_SaveAttachment_1 generated for M:MAPI.NET.MAPIMessage.SaveAttachment(System.String,System.Int32)
    Unique name M_MAPI_NET_MAPIMessage_SaveAttachment_2 generated for M:MAPI.NET.MAPIMessage.SaveAttachment(System.String,System.Int32,System.String)
    Unique name M_MAPI_NET_MAPIMessage_SaveToMsg_1 generated for M:MAPI.NET.MAPIMessage.SaveToMsg(System.String)
    Unique name M_MAPI_NET_MAPIMessage_SetSender_1 generated for M:MAPI.NET.MAPIMessage.SetSender(System.String,System.String,MAPI.NET.MAPIAddressBook)
    Unique name M_MAPI_NET_MAPIObject__ctor_1 generated for M:MAPI.NET.MAPIObject.#ctor(MAPI.NET.IMAPIProp,MAPI.NET.EntryID)
    Unique name M_MAPI_NET_MAPIObject__ctor_2 generated for M:MAPI.NET.MAPIObject.#ctor(MAPI.NET.MAPISession,MAPI.NET.EntryID)
    Unique name M_MAPI_NET_MAPIObject_CopyTo_1 generated for M:MAPI.NET.MAPIObject.CopyTo(System.UInt32[],MAPI.NET.MAPIObject)
    Unique name M_MAPI_NET_MAPIObject_GetProperties_1 generated for M:MAPI.NET.MAPIObject.GetProperties(System.UInt32[])
    Unique name M_MAPI_NET_MAPIObject_GetProperty_1 generated for M:MAPI.NET.MAPIObject.GetProperty(System.UInt32)
    Unique name M_MAPI_NET_MAPIObject_OpenProperty_1 generated for M:MAPI.NET.MAPIObject.OpenProperty(System.UInt32,System.Guid,System.UInt32,MAPI.NET.OpenPropertyMode)
    Unique name M_MAPI_NET_MAPIObject_Save_1 generated for M:MAPI.NET.MAPIObject.Save(MAPI.NET.SaveFlags)
    Unique name M_MAPI_NET_MAPIObject_SetPropertyValue_1 generated for M:MAPI.NET.MAPIObject.SetPropertyValue(MAPI.NET.PropTags,System.Object)
    Unique name M_MAPI_NET_MAPIObject_SetPropertyValue_2 generated for M:MAPI.NET.MAPIObject.SetPropertyValue(System.UInt32,System.Object)
    Unique name M_MAPI_NET_MAPISession__ctor_1 generated for M:MAPI.NET.MAPISession.#ctor(System.ComponentModel.IContainer)
    Last step completed in 00:00:00.0510
</buildStep>
<buildStep step="GenerateApiTopicManifest">
Generating API topic manifest...
    Last step completed in 00:00:00.0140
</buildStep>
<buildStep step="GenerateNamespaceSummaries">
Generating namespace summary information...
    Last step completed in 00:00:00.0170
</buildStep>
<buildStep step="CopyConceptualContent">
Copying conceptual content...
Checking for token files...
Checking for code snippets files...
Copying images and creating the media map file...
Generating conceptual topic files
    Parsing topic file &#39;C:\Work\MAPI.NET\MAPI.NET.Document\MAPI.NET.Document\Content\Welcome.aml&#39;
    C:\Work\MAPI.NET\MAPI.NET.Document\MAPI.NET.Document\Content\Welcome.aml -&gt; C:\Work\MAPI.NET\Help\Working\ddueXml\032c83ae-b195-414c-a31e-0514d989fa60.xml
    Last step completed in 00:00:00.0080
</buildStep>
<buildStep step="CreateConceptualTopicConfigs">
Creating conceptual topic configuration files...
    Companion files
    _ContentMetadata_.xml
    Merging topic IDs into reference topic manifest file
    Last step completed in 00:00:00.0050
</buildStep>
<buildStep step="CopyAdditionalContent">
Copying additional content files...
C:\Work\MAPI.NET\MAPI.NET.Document\MAPI.NET.Document\icons\Help.png -&gt; C:\Work\MAPI.NET\Help\Working\Output\Markdown\icons\Help.png
    Last step completed in 00:00:00.0020
</buildStep>
<buildStep step="MergeTablesOfContents">
Merging conceptual and additional tables of contents...
    Last step completed in 00:00:00.0000
</buildStep>
<buildStep step="GenerateIntermediateTableOfContents">
Generating intermediate table of contents file for API content...
Generating conceptual content intermediate TOC file...
    Last step completed in 00:00:00.0200
</buildStep>
<buildStep step="CreateBuildAssemblerConfigs">
Creating Sandcastle configuration files...
    Last step completed in 00:00:00.0376
</buildStep>
<buildStep step="CombiningIntermediateTocFiles">
Combining conceptual and API intermediate TOC files...
    Last step completed in 00:00:00.0010
</buildStep>
<buildStep step="MergeCustomConfigs">
Merging custom build component configurations
C:\Work\MAPI.NET\Help\Working\BuildAssembler.config
  Updating reference topic configurations.
  Updating conceptual topic configurations.
    Removing unused ExampleComponent.
    Last step completed in 00:00:00.0030
</buildStep>
<buildStep step="BuildTopics">
Building help topics...
Loading configuration...
Processing topics...
SHFB: Warning BE0066: ResolveConceptualLinksComponent: [032c83ae-b195-414c-a31e-0514d989fa60] Unknown conceptual link target &#39;58b58c95-82dd-4cb3-9b1b-13ea6c75bbed&#39;.
Processed 497 topic(s)
1 warning(s)
CopyFromIndexComponent: &quot;metadata&quot; in-memory cache entries used: 1 of 15.
ResolveArtLinksComponent: Copying media files...
ResolveReferenceLinksComponent: 7 entries added to the member ID URL cache.  New cache size: 57 entries
CopyFromIndexComponent: &quot;reflection&quot; in-memory cache entries used: 5 of 15.
CopyFromIndexComponent: &quot;comments&quot; in-memory cache entries used: 3 of 30.
    Last step completed in 00:00:02.7204
</buildStep>
<buildStep step="CopyStandardHelpContent">
Copying standard help content...
C:\Program Files (x86)\EWSoftware\Sandcastle Help File Builder\Components\Markdown\media\AlertCaution.png -&gt; C:\Work\MAPI.NET\Help\Working\Output\Markdown\media\AlertCaution.png
C:\Program Files (x86)\EWSoftware\Sandcastle Help File Builder\Components\Markdown\media\AlertLanguage.png -&gt; C:\Work\MAPI.NET\Help\Working\Output\Markdown\media\AlertLanguage.png
C:\Program Files (x86)\EWSoftware\Sandcastle Help File Builder\Components\Markdown\media\AlertNote.png -&gt; C:\Work\MAPI.NET\Help\Working\Output\Markdown\media\AlertNote.png
C:\Program Files (x86)\EWSoftware\Sandcastle Help File Builder\Components\Markdown\media\AlertSecurity.png -&gt; C:\Work\MAPI.NET\Help\Working\Output\Markdown\media\AlertSecurity.png
C:\Program Files (x86)\EWSoftware\Sandcastle Help File Builder\Components\Markdown\media\AlertToDo.png -&gt; C:\Work\MAPI.NET\Help\Working\Output\Markdown\media\AlertToDo.png
C:\Program Files (x86)\EWSoftware\Sandcastle Help File Builder\Components\Markdown\MarkdownContent\_Footer.md -&gt; C:\Work\MAPI.NET\Help\Working\Output\Markdown\_Footer.md
    Last step completed in 00:00:00.0157
</buildStep>
<buildStep step="GenerateHelpProject">
Executing informational Generate Help Project build step for plug-ins (not used for Markdown)
    Last step completed in 00:00:00.0000
</buildStep>
<buildStep step="CompilingHelpFile">
Generating markdown content...
Finished generating 496 topics
Copying content to output folder...
Copied 500 files
Finished copying 506 files
    Last step completed in 00:00:00.8029
</buildStep>
<buildStep step="CleanIntermediates">
Removing intermediate files...
    Last step completed in 00:00:00.0841
</buildStep>
<buildStep step="Completed">

Build completed successfully at 20/12/2022 12:54:46 PM.  Total time: 00:00:05.6791

</buildStep>
</shfbBuild>
